<?xml version="1.0" encoding="UTF-8"?>
<!-- Generated by org.testng.reporters.JUnitXMLReporter -->
<testsuite ignored="2" hostname="FFE-Uppala-Harshavardhan" failures="0" tests="2" name="Default test" time="7.55" errors="0" timestamp="2025-10-25T14:24:03 IST">
  <testcase classname="com.petStore.store.StoreOperations" name="placeOrder" time="6.123"/>
  <testcase classname="com.petStore.store.StoreOperations" name="deleteParchaseDetails" time="1.361"/>
  <testcase classname="com.petStore.store.StoreOperations" name="getParchaseDetails" time="0.0">
    <ignored/>
  </testcase> <!-- getParchaseDetails -->
  <testcase classname="com.petStore.store.StoreOperations" name="getInventory" time="0.0">
    <ignored/>
  </testcase> <!-- getInventory -->
</testsuite> <!-- Default test -->
