<?xml version="1.0" encoding="UTF-8"?>
<!-- Generated by org.testng.reporters.JUnitXMLReporter -->
<testsuite ignored="4" hostname="FFE-Bobbala-Venkata-Nagireddy" failures="0" tests="16" name="Test" time="31.121" errors="0" timestamp="2025-10-25T14:51:45 IST">
  <testcase classname="com.petStore.pets.PetsTest" name="createPetTest" time="2.99"/>
  <testcase classname="com.petStore.pets.PetsTest" name="findPetByStatusTest" time="1.599"/>
  <testcase classname="com.petStore.pets.PetsTest" name="getPetDetails" time="1.286"/>
  <testcase classname="com.petStore.pets.PetsTest" name="updateThePet" time="1.279"/>
  <testcase classname="com.petStore.pets.PetsTest" name="deletePetById" time="1.267"/>
  <testcase classname="com.petStore.pets.PetsTest" name="updatePetByIdTest" time="1.264"/>
  <testcase classname="com.petStore.user.UserCRUDTest" name="createUser" time="5.584"/>
  <testcase classname="com.petStore.user.UserCRUDTest" name="updateUser" time="4.275"/>
  <testcase classname="com.petStore.user.UserCRUDTest" name="getUser" time="1.275"/>
  <testcase classname="com.petStore.user.UserCRUDTest" name="login" time="1.273"/>
  <testcase classname="com.petStore.user.UserCRUDTest" name="logout" time="1.262"/>
  <testcase classname="com.petStore.user.UserCRUDTest" name="deleteUser" time="1.293"/>
  <testcase classname="com.petStore.store.StoreOperations" name="getInventory" time="1.273"/>
  <testcase classname="com.petStore.store.StoreOperations" name="placeOrder" time="2.585"/>
  <testcase classname="com.petStore.store.StoreOperations" name="deleteParchaseDetails" time="1.272"/>
  <testcase classname="com.petStore.store.StoreOperations" name="getParchaseDetails" time="1.267"/>
  <testcase classname="com.PetStore.BaseAPIClass.BaseAPIClass" name="@BeforeSuite configBS" time="0.0">
    <ignored/>
  </testcase> <!-- @BeforeSuite configBS -->
  <testcase classname="com.PetStore.BaseAPIClass.BaseAPIClass" name="@AfterSuite configAS" time="0.0">
    <ignored/>
  </testcase> <!-- @AfterSuite configAS -->
  <testcase classname="com.PetStore.BaseAPIClass.BaseAPIClass" name="@AfterSuite configAS" time="0.0">
    <ignored/>
  </testcase> <!-- @AfterSuite configAS -->
  <testcase classname="com.PetStore.BaseAPIClass.BaseAPIClass" name="@BeforeSuite configBS" time="0.0">
    <ignored/>
  </testcase> <!-- @BeforeSuite configBS -->
</testsuite> <!-- Test -->
